Started
warning: LF will be replaced by CRLF in actual_data_to_guthub.log.
The file will have its original line endings in your working directory.
On branch master
Your branch is ahead of 'origin/master' by 6 commits.
  (use "git push" to publish your local commits)
Changes to be committed:
  (use "git reset HEAD <file>..." to unstage)

	new file:   actual_data_to_guthub.bat
	new file:   actual_data_to_guthub.log
	new file:   actual_data_to_guthub.sh

[master 0b7de5c] Actual PROD files
 3 files changed, 13 insertions(+)
 create mode 100644 actual_data_to_guthub.bat
 create mode 100644 actual_data_to_guthub.log
 create mode 100644 actual_data_to_guthub.sh
Logon failed, use ctrl+c to cancel basic credential prompt.
error: unable to read askpass response from 'C:/Program Files/Git/mingw32/libexec/git-core/git-gui--askpass'
bash: /dev/tty: No such device or address
error: failed to execute prompt script (exit code 1)
fatal: could not read Password for 'https://place-token-here@github.com/': No error
